Exporter version: 6.2.1, Blender version: 2.80 (sub 75)
========= Conversion from Blender to Babylon.js =========
	Scene settings used :
		inline textures     :  false
		Material Type       :  PBR
		Positions Precision :  4
		Normals Precision   :  3
		UVs Precision       :  3
		Vert Color Precision:  3
		Mat Weight Precision:  2
		texture directory   :  C:\projects\rubik\
	Python World class constructor completed
	WARNING: No active camera has been assigned, or is not in a currently selected Blender layer
	processing begun of mesh:  Trees
		processing begun of material:  Material.002
		processing begun of material:  Material.001
		processing begun of multimaterial:  landscape.Multimaterial#0
		num positions      :  41152
		num normals        :  41152
		num tangents       :  0
		num uvs            :  82304
		num uvs2           :  0
		num colors         :  0
		num indices        :  42636
========= Writing of JSON file started =========
	writing mesh:  Trees
========= Writing of JSON file completed =========
========= end of processing =========
elapsed time:  0 min, 2.731 secs
